c:\users\18140\desktop\study\uiuc exchange\physics_animation\csc417-a2-mass-spring-3d\build\a2-mass-spring-3d.dir\debug\vc142.pdb
c:\users\18140\desktop\study\uiuc exchange\physics_animation\csc417-a2-mass-spring-3d\build\a2-mass-spring-3d.dir\debug\visualization.obj
c:\users\18140\desktop\study\uiuc exchange\physics_animation\csc417-a2-mass-spring-3d\build\a2-mass-spring-3d.dir\debug\init_state.obj
c:\users\18140\desktop\study\uiuc exchange\physics_animation\csc417-a2-mass-spring-3d\build\a2-mass-spring-3d.dir\debug\find_min_vertices.obj
c:\users\18140\desktop\study\uiuc exchange\physics_animation\csc417-a2-mass-spring-3d\build\a2-mass-spring-3d.dir\debug\pick_nearest_vertices.obj
c:\users\18140\desktop\study\uiuc exchange\physics_animation\csc417-a2-mass-spring-3d\build\a2-mass-spring-3d.dir\debug\mass_matrix_particles.obj
c:\users\18140\desktop\study\uiuc exchange\physics_animation\csc417-a2-mass-spring-3d\build\a2-mass-spring-3d.dir\debug\fixed_point_constraints.obj
c:\users\18140\desktop\study\uiuc exchange\physics_animation\csc417-a2-mass-spring-3d\build\a2-mass-spring-3d.dir\debug\dv_spring_particle_particle_dq.obj
c:\users\18140\desktop\study\uiuc exchange\physics_animation\csc417-a2-mass-spring-3d\build\a2-mass-spring-3d.dir\debug\dv_gravity_particle_dq.obj
c:\users\18140\desktop\study\uiuc exchange\physics_animation\csc417-a2-mass-spring-3d\build\a2-mass-spring-3d.dir\debug\d2v_spring_particle_particle_dq2.obj
c:\users\18140\desktop\study\uiuc exchange\physics_animation\csc417-a2-mass-spring-3d\build\a2-mass-spring-3d.dir\debug\assemble_stiffness.obj
c:\users\18140\desktop\study\uiuc exchange\physics_animation\csc417-a2-mass-spring-3d\build\a2-mass-spring-3d.dir\debug\assemble_forces.obj
c:\users\18140\desktop\study\uiuc exchange\physics_animation\csc417-a2-mass-spring-3d\build\a2-mass-spring-3d.dir\debug\v_spring_particle_particle.obj
c:\users\18140\desktop\study\uiuc exchange\physics_animation\csc417-a2-mass-spring-3d\build\a2-mass-spring-3d.dir\debug\v_gravity_particle.obj
c:\users\18140\desktop\study\uiuc exchange\physics_animation\csc417-a2-mass-spring-3d\build\a2-mass-spring-3d.dir\debug\t_particle.obj
c:\users\18140\desktop\study\uiuc exchange\physics_animation\csc417-a2-mass-spring-3d\build\a2-mass-spring-3d.dir\debug\main.obj
c:\users\18140\desktop\study\uiuc exchange\physics_animation\csc417-a2-mass-spring-3d\build\cmakefiles\generate.stamp
c:\users\18140\desktop\study\uiuc exchange\physics_animation\csc417-a2-mass-spring-3d\build\a2-mass-spring-3d.dir\debug\a2-mass-spring-3d.ilk
c:\users\18140\desktop\study\uiuc exchange\physics_animation\csc417-a2-mass-spring-3d\build\debug\a2-mass-spring-3d.exe
c:\users\18140\desktop\study\uiuc exchange\physics_animation\csc417-a2-mass-spring-3d\build\debug\a2-mass-spring-3d.pdb
c:\users\18140\desktop\study\uiuc exchange\physics_animation\csc417-a2-mass-spring-3d\build\a2-mass-spring-3d.dir\debug\a2-mass-.1bec534d.tlog\cl.command.1.tlog
c:\users\18140\desktop\study\uiuc exchange\physics_animation\csc417-a2-mass-spring-3d\build\a2-mass-spring-3d.dir\debug\a2-mass-.1bec534d.tlog\cl.read.1.tlog
c:\users\18140\desktop\study\uiuc exchange\physics_animation\csc417-a2-mass-spring-3d\build\a2-mass-spring-3d.dir\debug\a2-mass-.1bec534d.tlog\cl.write.1.tlog
c:\users\18140\desktop\study\uiuc exchange\physics_animation\csc417-a2-mass-spring-3d\build\a2-mass-spring-3d.dir\debug\a2-mass-.1bec534d.tlog\custombuild.command.1.tlog
c:\users\18140\desktop\study\uiuc exchange\physics_animation\csc417-a2-mass-spring-3d\build\a2-mass-spring-3d.dir\debug\a2-mass-.1bec534d.tlog\custombuild.read.1.tlog
c:\users\18140\desktop\study\uiuc exchange\physics_animation\csc417-a2-mass-spring-3d\build\a2-mass-spring-3d.dir\debug\a2-mass-.1bec534d.tlog\custombuild.write.1.tlog
c:\users\18140\desktop\study\uiuc exchange\physics_animation\csc417-a2-mass-spring-3d\build\a2-mass-spring-3d.dir\debug\a2-mass-.1bec534d.tlog\link.command.1.tlog
c:\users\18140\desktop\study\uiuc exchange\physics_animation\csc417-a2-mass-spring-3d\build\a2-mass-spring-3d.dir\debug\a2-mass-.1bec534d.tlog\link.read.1.tlog
c:\users\18140\desktop\study\uiuc exchange\physics_animation\csc417-a2-mass-spring-3d\build\a2-mass-spring-3d.dir\debug\a2-mass-.1bec534d.tlog\link.write.1.tlog
