c:\users\18140\desktop\study\uiuc exchange\physics_animation\csc417-a2-mass-spring-3d\build\glfw\src\glfw.dir\release\osmesa_context.obj
c:\users\18140\desktop\study\uiuc exchange\physics_animation\csc417-a2-mass-spring-3d\build\glfw\src\glfw.dir\release\egl_context.obj
c:\users\18140\desktop\study\uiuc exchange\physics_animation\csc417-a2-mass-spring-3d\build\glfw\src\glfw.dir\release\wgl_context.obj
c:\users\18140\desktop\study\uiuc exchange\physics_animation\csc417-a2-mass-spring-3d\build\glfw\src\glfw.dir\release\win32_window.obj
c:\users\18140\desktop\study\uiuc exchange\physics_animation\csc417-a2-mass-spring-3d\build\glfw\src\glfw.dir\release\win32_thread.obj
c:\users\18140\desktop\study\uiuc exchange\physics_animation\csc417-a2-mass-spring-3d\build\glfw\src\glfw.dir\release\win32_time.obj
c:\users\18140\desktop\study\uiuc exchange\physics_animation\csc417-a2-mass-spring-3d\build\glfw\src\glfw.dir\release\win32_monitor.obj
c:\users\18140\desktop\study\uiuc exchange\physics_animation\csc417-a2-mass-spring-3d\build\glfw\src\glfw.dir\release\win32_joystick.obj
c:\users\18140\desktop\study\uiuc exchange\physics_animation\csc417-a2-mass-spring-3d\build\glfw\src\glfw.dir\release\win32_init.obj
c:\users\18140\desktop\study\uiuc exchange\physics_animation\csc417-a2-mass-spring-3d\build\glfw\src\glfw.dir\release\window.obj
c:\users\18140\desktop\study\uiuc exchange\physics_animation\csc417-a2-mass-spring-3d\build\glfw\src\glfw.dir\release\vulkan.obj
c:\users\18140\desktop\study\uiuc exchange\physics_animation\csc417-a2-mass-spring-3d\build\glfw\src\glfw.dir\release\monitor.obj
c:\users\18140\desktop\study\uiuc exchange\physics_animation\csc417-a2-mass-spring-3d\build\glfw\src\glfw.dir\release\input.obj
c:\users\18140\desktop\study\uiuc exchange\physics_animation\csc417-a2-mass-spring-3d\build\glfw\src\glfw.dir\release\init.obj
c:\users\18140\desktop\study\uiuc exchange\physics_animation\csc417-a2-mass-spring-3d\build\glfw\src\glfw.dir\release\context.obj
c:\users\18140\desktop\study\uiuc exchange\physics_animation\csc417-a2-mass-spring-3d\build\glfw\src\cmakefiles\generate.stamp
c:\users\18140\desktop\study\uiuc exchange\physics_animation\csc417-a2-mass-spring-3d\build\glfw\src\release\glfw3.lib
c:\users\18140\desktop\study\uiuc exchange\physics_animation\csc417-a2-mass-spring-3d\build\glfw\src\glfw.dir\release\glfw.tlog\cl.command.1.tlog
c:\users\18140\desktop\study\uiuc exchange\physics_animation\csc417-a2-mass-spring-3d\build\glfw\src\glfw.dir\release\glfw.tlog\cl.read.1.tlog
c:\users\18140\desktop\study\uiuc exchange\physics_animation\csc417-a2-mass-spring-3d\build\glfw\src\glfw.dir\release\glfw.tlog\cl.write.1.tlog
c:\users\18140\desktop\study\uiuc exchange\physics_animation\csc417-a2-mass-spring-3d\build\glfw\src\glfw.dir\release\glfw.tlog\custombuild.command.1.tlog
c:\users\18140\desktop\study\uiuc exchange\physics_animation\csc417-a2-mass-spring-3d\build\glfw\src\glfw.dir\release\glfw.tlog\custombuild.read.1.tlog
c:\users\18140\desktop\study\uiuc exchange\physics_animation\csc417-a2-mass-spring-3d\build\glfw\src\glfw.dir\release\glfw.tlog\custombuild.write.1.tlog
c:\users\18140\desktop\study\uiuc exchange\physics_animation\csc417-a2-mass-spring-3d\build\glfw\src\glfw.dir\release\glfw.tlog\lib-link.read.1.tlog
c:\users\18140\desktop\study\uiuc exchange\physics_animation\csc417-a2-mass-spring-3d\build\glfw\src\glfw.dir\release\glfw.tlog\lib-link.write.1.tlog
c:\users\18140\desktop\study\uiuc exchange\physics_animation\csc417-a2-mass-spring-3d\build\glfw\src\glfw.dir\release\glfw.tlog\lib.command.1.tlog
