c:\users\18140\desktop\study\uiuc exchange\physics_animation\csc417-a2-mass-spring-3d\build\a2-mass-spring-3d.dir\release\visualization.obj
c:\users\18140\desktop\study\uiuc exchange\physics_animation\csc417-a2-mass-spring-3d\build\a2-mass-spring-3d.dir\release\init_state.obj
c:\users\18140\desktop\study\uiuc exchange\physics_animation\csc417-a2-mass-spring-3d\build\a2-mass-spring-3d.dir\release\find_min_vertices.obj
c:\users\18140\desktop\study\uiuc exchange\physics_animation\csc417-a2-mass-spring-3d\build\a2-mass-spring-3d.dir\release\pick_nearest_vertices.obj
c:\users\18140\desktop\study\uiuc exchange\physics_animation\csc417-a2-mass-spring-3d\build\a2-mass-spring-3d.dir\release\mass_matrix_particles.obj
c:\users\18140\desktop\study\uiuc exchange\physics_animation\csc417-a2-mass-spring-3d\build\a2-mass-spring-3d.dir\release\fixed_point_constraints.obj
c:\users\18140\desktop\study\uiuc exchange\physics_animation\csc417-a2-mass-spring-3d\build\a2-mass-spring-3d.dir\release\dv_spring_particle_particle_dq.obj
c:\users\18140\desktop\study\uiuc exchange\physics_animation\csc417-a2-mass-spring-3d\build\a2-mass-spring-3d.dir\release\dv_gravity_particle_dq.obj
c:\users\18140\desktop\study\uiuc exchange\physics_animation\csc417-a2-mass-spring-3d\build\a2-mass-spring-3d.dir\release\d2v_spring_particle_particle_dq2.obj
c:\users\18140\desktop\study\uiuc exchange\physics_animation\csc417-a2-mass-spring-3d\build\a2-mass-spring-3d.dir\release\assemble_stiffness.obj
c:\users\18140\desktop\study\uiuc exchange\physics_animation\csc417-a2-mass-spring-3d\build\a2-mass-spring-3d.dir\release\assemble_forces.obj
c:\users\18140\desktop\study\uiuc exchange\physics_animation\csc417-a2-mass-spring-3d\build\a2-mass-spring-3d.dir\release\v_spring_particle_particle.obj
c:\users\18140\desktop\study\uiuc exchange\physics_animation\csc417-a2-mass-spring-3d\build\a2-mass-spring-3d.dir\release\v_gravity_particle.obj
c:\users\18140\desktop\study\uiuc exchange\physics_animation\csc417-a2-mass-spring-3d\build\a2-mass-spring-3d.dir\release\t_particle.obj
c:\users\18140\desktop\study\uiuc exchange\physics_animation\csc417-a2-mass-spring-3d\build\a2-mass-spring-3d.dir\release\main.obj
c:\users\18140\desktop\study\uiuc exchange\physics_animation\csc417-a2-mass-spring-3d\build\cmakefiles\generate.stamp
c:\users\18140\desktop\study\uiuc exchange\physics_animation\csc417-a2-mass-spring-3d\build\release\a2-mass-spring-3d.exe
c:\users\18140\desktop\study\uiuc exchange\physics_animation\csc417-a2-mass-spring-3d\build\a2-mass-spring-3d.dir\release\a2-mass-.1bec534d.tlog\cl.command.1.tlog
c:\users\18140\desktop\study\uiuc exchange\physics_animation\csc417-a2-mass-spring-3d\build\a2-mass-spring-3d.dir\release\a2-mass-.1bec534d.tlog\cl.read.1.tlog
c:\users\18140\desktop\study\uiuc exchange\physics_animation\csc417-a2-mass-spring-3d\build\a2-mass-spring-3d.dir\release\a2-mass-.1bec534d.tlog\cl.write.1.tlog
c:\users\18140\desktop\study\uiuc exchange\physics_animation\csc417-a2-mass-spring-3d\build\a2-mass-spring-3d.dir\release\a2-mass-.1bec534d.tlog\custombuild.command.1.tlog
c:\users\18140\desktop\study\uiuc exchange\physics_animation\csc417-a2-mass-spring-3d\build\a2-mass-spring-3d.dir\release\a2-mass-.1bec534d.tlog\custombuild.read.1.tlog
c:\users\18140\desktop\study\uiuc exchange\physics_animation\csc417-a2-mass-spring-3d\build\a2-mass-spring-3d.dir\release\a2-mass-.1bec534d.tlog\custombuild.write.1.tlog
c:\users\18140\desktop\study\uiuc exchange\physics_animation\csc417-a2-mass-spring-3d\build\a2-mass-spring-3d.dir\release\a2-mass-.1bec534d.tlog\link.command.1.tlog
c:\users\18140\desktop\study\uiuc exchange\physics_animation\csc417-a2-mass-spring-3d\build\a2-mass-spring-3d.dir\release\a2-mass-.1bec534d.tlog\link.read.1.tlog
c:\users\18140\desktop\study\uiuc exchange\physics_animation\csc417-a2-mass-spring-3d\build\a2-mass-spring-3d.dir\release\a2-mass-.1bec534d.tlog\link.write.1.tlog
